<?xml version="1.0" encoding="UTF-8"?>
<coverage generated="1621049756005" clover="3.2.0">
  <project timestamp="1621049756005" name="All files">
    <metrics statements="25" coveredstatements="24" conditionals="6" coveredconditionals="6" methods="5" coveredmethods="4" elements="36" coveredelements="34" complexity="0" loc="25" ncloc="25" packages="1" files="1" classes="1"/>
    <file name="useBreedList.js" path="C:\Users\Night\Documents\Central\Platzi\Proyects\2021\Catwiki\src\apiHooks\useBreedList.js">
      <metrics statements="25" coveredstatements="24" conditionals="6" coveredconditionals="6" methods="5" coveredmethods="4"/>
      <line num="5" count="2" type="stmt"/>
      <line num="6" count="10" type="stmt"/>
      <line num="13" count="10" type="stmt"/>
      <line num="15" count="10" type="stmt"/>
      <line num="22" count="10" type="stmt"/>
      <line num="23" count="5" type="stmt"/>
      <line num="24" count="5" type="stmt"/>
      <line num="27" count="1" type="cond" truecount="2" falsecount="0"/>
      <line num="30" count="3" type="stmt"/>
      <line num="32" count="3" type="cond" truecount="2" falsecount="0"/>
      <line num="33" count="1" type="stmt"/>
      <line num="34" count="1" type="stmt"/>
      <line num="35" count="1" type="stmt"/>
      <line num="42" count="1" type="stmt"/>
      <line num="43" count="1" type="stmt"/>
      <line num="44" count="1" type="stmt"/>
      <line num="45" count="2" type="cond" truecount="2" falsecount="0"/>
      <line num="46" count="1" type="stmt"/>
      <line num="48" count="1" type="stmt"/>
      <line num="53" count="1" type="stmt"/>
      <line num="57" count="1" type="stmt"/>
      <line num="58" count="1" type="stmt"/>
      <line num="63" count="4" type="stmt"/>
      <line num="64" count="0" type="stmt"/>
      <line num="68" count="10" type="stmt"/>
    </file>
  </project>
</coverage>
