{"C:\\Users\\Night\\Documents\\Central\\Platzi\\Proyects\\2021\\Catwiki\\src\\containers\\Hero.jsx": {"path":"C:\\Users\\Night\\Documents\\Central\\Platzi\\Proyects\\2021\\Catwiki\\src\\containers\\Hero.jsx","statementMap":{"0":{"start":{"line":7,"column":13},"end":{"line":13,"column":1}},"1":{"start":{"line":8,"column":2},"end":{"line":12,"column":8}}},"fnMap":{"0":{"name":"(anonymous_0)","decl":{"start":{"line":7,"column":13},"end":{"line":7,"column":14}},"loc":{"start":{"line":8,"column":2},"end":{"line":12,"column":8}},"line":8}},"branchMap":{},"s":{"0":1,"1":2},"f":{"0":2},"b":{},"_coverageSchema":"1a1c01bbd47fc00a2c39e90264f33305004495a9","hash":"c68132346d944f9963a178d4b0b77ded5a02dd8a"}
}
