{"C:\\Users\\Night\\Documents\\Central\\Platzi\\Proyects\\2021\\Catwiki\\src\\apiHooks\\useBreedList.js": {"path":"C:\\Users\\Night\\Documents\\Central\\Platzi\\Proyects\\2021\\Catwiki\\src\\apiHooks\\useBreedList.js","statementMap":{"0":{"start":{"line":5,"column":21},"end":{"line":69,"column":1}},"1":{"start":{"line":6,"column":36},"end":{"line":10,"column":4}},"2":{"start":{"line":13,"column":16},"end":{"line":13,"column":53}},"3":{"start":{"line":15,"column":15},"end":{"line":20,"column":3}},"4":{"start":{"line":22,"column":2},"end":{"line":66,"column":9}},"5":{"start":{"line":23,"column":17},"end":{"line":23,"column":22}},"6":{"start":{"line":24,"column":4},"end":{"line":61,"column":9}},"7":{"start":{"line":27,"column":8},"end":{"line":27,"column":80}},"8":{"start":{"line":30,"column":8},"end":{"line":30,"column":37}},"9":{"start":{"line":32,"column":8},"end":{"line":60,"column":9}},"10":{"start":{"line":33,"column":10},"end":{"line":33,"column":42}},"11":{"start":{"line":34,"column":10},"end":{"line":34,"column":36}},"12":{"start":{"line":35,"column":10},"end":{"line":39,"column":13}},"13":{"start":{"line":42,"column":10},"end":{"line":42,"column":52}},"14":{"start":{"line":43,"column":10},"end":{"line":43,"column":55}},"15":{"start":{"line":44,"column":10},"end":{"line":44,"column":57}},"16":{"start":{"line":45,"column":15},"end":{"line":60,"column":9}},"17":{"start":{"line":46,"column":10},"end":{"line":46,"column":35}},"18":{"start":{"line":48,"column":10},"end":{"line":48,"column":80}},"19":{"start":{"line":53,"column":10},"end":{"line":53,"column":37}},"20":{"start":{"line":57,"column":10},"end":{"line":57,"column":71}},"21":{"start":{"line":58,"column":10},"end":{"line":58,"column":29}},"22":{"start":{"line":63,"column":4},"end":{"line":65,"column":6}},"23":{"start":{"line":64,"column":6},"end":{"line":64,"column":20}},"24":{"start":{"line":68,"column":2},"end":{"line":68,"column":23}}},"fnMap":{"0":{"name":"(anonymous_0)","decl":{"start":{"line":5,"column":21},"end":{"line":5,"column":22}},"loc":{"start":{"line":5,"column":27},"end":{"line":69,"column":1}},"line":5},"1":{"name":"(anonymous_1)","decl":{"start":{"line":22,"column":12},"end":{"line":22,"column":13}},"loc":{"start":{"line":22,"column":24},"end":{"line":66,"column":3}},"line":22},"2":{"name":"(anonymous_2)","decl":{"start":{"line":26,"column":12},"end":{"line":26,"column":13}},"loc":{"start":{"line":26,"column":19},"end":{"line":28,"column":7}},"line":26},"3":{"name":"(anonymous_3)","decl":{"start":{"line":29,"column":13},"end":{"line":29,"column":14}},"loc":{"start":{"line":29,"column":24},"end":{"line":61,"column":7}},"line":29},"4":{"name":"(anonymous_4)","decl":{"start":{"line":63,"column":11},"end":{"line":63,"column":12}},"loc":{"start":{"line":63,"column":17},"end":{"line":65,"column":5}},"line":63}},"branchMap":{"0":{"loc":{"start":{"line":27,"column":8},"end":{"line":27,"column":79}},"type":"binary-expr","locations":[{"start":{"line":27,"column":8},"end":{"line":27,"column":15}},{"start":{"line":27,"column":19},"end":{"line":27,"column":79}}],"line":27},"1":{"loc":{"start":{"line":32,"column":8},"end":{"line":60,"column":9}},"type":"if","locations":[{"start":{"line":32,"column":8},"end":{"line":60,"column":9}},{"start":{"line":32,"column":8},"end":{"line":60,"column":9}}],"line":32},"2":{"loc":{"start":{"line":45,"column":15},"end":{"line":60,"column":9}},"type":"if","locations":[{"start":{"line":45,"column":15},"end":{"line":60,"column":9}},{"start":{"line":45,"column":15},"end":{"line":60,"column":9}}],"line":45}},"s":{"0":2,"1":10,"2":10,"3":10,"4":10,"5":5,"6":5,"7":1,"8":3,"9":3,"10":1,"11":1,"12":1,"13":1,"14":1,"15":1,"16":2,"17":1,"18":1,"19":1,"20":1,"21":1,"22":4,"23":0,"24":10},"f":{"0":10,"1":5,"2":1,"3":3,"4":0},"b":{"0":[1,1],"1":[1,2],"2":[1,1]},"_coverageSchema":"1a1c01bbd47fc00a2c39e90264f33305004495a9","hash":"a1542a65e2d37df9867ff09db123e03e8a83922d"}
}
