TN:
SF:src\apiHooks\useBreedList.js
FN:5,(anonymous_0)
FN:22,(anonymous_1)
FN:26,(anonymous_2)
FN:29,(anonymous_3)
FN:63,(anonymous_4)
FNF:5
FNH:4
FNDA:10,(anonymous_0)
FNDA:5,(anonymous_1)
FNDA:1,(anonymous_2)
FNDA:3,(anonymous_3)
FNDA:0,(anonymous_4)
DA:5,2
DA:6,10
DA:13,10
DA:15,10
DA:22,10
DA:23,5
DA:24,5
DA:27,1
DA:30,3
DA:32,3
DA:33,1
DA:34,1
DA:35,1
DA:42,1
DA:43,1
DA:44,1
DA:45,2
DA:46,1
DA:48,1
DA:53,1
DA:57,1
DA:58,1
DA:63,4
DA:64,0
DA:68,10
LF:25
LH:24
BRDA:27,0,0,1
BRDA:27,0,1,1
BRDA:32,1,0,1
BRDA:32,1,1,2
BRDA:45,2,0,1
BRDA:45,2,1,1
BRF:6
BRH:6
end_of_record
