TN:
SF:src\apiHooks\useBreed.js
FN:5,(anonymous_0)
FN:23,(anonymous_1)
FN:27,(anonymous_2)
FN:30,(anonymous_3)
FN:59,(anonymous_4)
FNF:5
FNH:2
FNDA:2,(anonymous_0)
FNDA:1,(anonymous_1)
FNDA:0,(anonymous_2)
FNDA:0,(anonymous_3)
FNDA:0,(anonymous_4)
DA:5,1
DA:6,2
DA:14,2
DA:16,2
DA:23,2
DA:24,1
DA:25,1
DA:28,0
DA:33,0
DA:34,0
DA:41,0
DA:42,0
DA:43,0
DA:44,0
DA:45,0
DA:49,0
DA:52,0
DA:53,0
DA:55,0
DA:56,0
DA:59,0
DA:60,0
DA:64,2
LF:23
LH:8
BRDA:28,0,0,0
BRDA:28,0,1,0
BRDA:33,1,0,0
BRDA:33,1,1,0
BRDA:44,2,0,0
BRDA:44,2,1,0
BRF:6
BRH:0
end_of_record
TN:
SF:src\apiHooks\useBreedGalery.js
FN:4,(anonymous_0)
FN:20,(anonymous_1)
FN:24,(anonymous_2)
FN:28,(anonymous_3)
FN:70,(anonymous_4)
FNF:5
FNH:0
FNDA:0,(anonymous_0)
FNDA:0,(anonymous_1)
FNDA:0,(anonymous_2)
FNDA:0,(anonymous_3)
FNDA:0,(anonymous_4)
DA:4,1
DA:5,0
DA:12,0
DA:14,0
DA:20,0
DA:21,0
DA:22,0
DA:25,0
DA:30,0
DA:31,0
DA:38,0
DA:39,0
DA:40,0
DA:41,0
DA:42,0
DA:51,0
DA:54,0
DA:59,0
DA:61,0
DA:67,0
DA:69,0
DA:70,0
DA:71,0
DA:74,0
LF:24
LH:1
BRDA:25,0,0,0
BRDA:25,0,1,0
BRDA:30,1,0,0
BRDA:30,1,1,0
BRDA:41,2,0,0
BRDA:41,2,1,0
BRF:6
BRH:0
end_of_record
TN:
SF:src\apiHooks\useBreedList.js
FN:5,(anonymous_0)
FN:20,(anonymous_1)
FN:24,(anonymous_2)
FN:27,(anonymous_3)
FN:41,(anonymous_4)
FNF:5
FNH:4
FNDA:10,(anonymous_0)
FNDA:5,(anonymous_1)
FNDA:1,(anonymous_2)
FNDA:3,(anonymous_3)
FNDA:0,(anonymous_4)
DA:5,2
DA:6,10
DA:11,10
DA:13,10
DA:20,10
DA:21,5
DA:22,5
DA:25,1
DA:28,3
DA:29,1
DA:34,2
DA:35,1
DA:37,1
DA:41,4
DA:42,0
DA:45,10
LF:16
LH:15
BRDA:25,0,0,1
BRDA:25,0,1,1
BRDA:28,1,0,1
BRDA:28,1,1,2
BRDA:34,2,0,1
BRDA:34,2,1,1
BRF:6
BRH:6
end_of_record
TN:
SF:src\apiHooks\useTopBreeds.js
FN:5,(anonymous_0)
FN:20,(anonymous_1)
FN:24,(anonymous_2)
FN:27,(anonymous_3)
FN:49,(anonymous_4)
FNF:5
FNH:4
FNDA:10,(anonymous_0)
FNDA:5,(anonymous_1)
FNDA:1,(anonymous_2)
FNDA:3,(anonymous_3)
FNDA:0,(anonymous_4)
DA:5,2
DA:6,10
DA:11,10
DA:13,10
DA:20,10
DA:21,5
DA:22,5
DA:25,1
DA:29,3
DA:32,1
DA:36,2
DA:37,1
DA:44,1
DA:49,4
DA:50,0
DA:54,10
LF:16
LH:15
BRDA:25,0,0,1
BRDA:25,0,1,1
BRDA:29,1,0,1
BRDA:29,1,1,2
BRDA:36,2,0,1
BRDA:36,2,1,1
BRF:6
BRH:6
end_of_record
TN:
SF:src\assets\CatwikiLogo.jsx
FN:3,(anonymous_0)
FNF:1
FNH:1
FNDA:2,(anonymous_0)
DA:3,1
DA:4,2
LF:2
LH:2
BRF:0
BRH:0
end_of_record
TN:
SF:src\components\organism\Breed.jsx
FN:6,(anonymous_0)
FN:79,(anonymous_1)
FNF:2
FNH:0
FNDA:0,(anonymous_0)
FNDA:0,(anonymous_1)
DA:6,1
DA:7,0
DA:8,0
DA:9,0
DA:17,0
DA:80,0
LF:6
LH:1
BRDA:25,0,0,0
BRDA:25,0,1,0
BRDA:77,1,0,0
BRDA:77,1,1,0
BRF:4
BRH:0
end_of_record
TN:
SF:src\components\organism\Cat.jsx
FN:4,(anonymous_0)
FNF:1
FNH:0
FNDA:0,(anonymous_0)
DA:4,1
DA:5,0
LF:2
LH:1
BRDA:11,0,0,0
BRDA:11,0,1,0
BRF:2
BRH:0
end_of_record
TN:
SF:src\components\organism\Rating.jsx
FN:3,(anonymous_0)
FN:11,(anonymous_1)
FN:16,(anonymous_2)
FNF:3
FNH:0
FNDA:0,(anonymous_0)
FNDA:0,(anonymous_1)
FNDA:0,(anonymous_2)
DA:3,1
DA:4,0
DA:5,0
DA:6,0
DA:8,0
DA:11,1
DA:12,0
DA:14,0
DA:17,0
LF:9
LH:2
BRDA:5,0,0,0
BRDA:5,0,1,0
BRF:2
BRH:0
end_of_record
TN:
SF:src\components\template\Galery.jsx
FN:8,(anonymous_0)
FN:25,(anonymous_1)
FN:48,(anonymous_2)
FNF:3
FNH:2
FNDA:2,(anonymous_0)
FNDA:1,(anonymous_1)
FNDA:0,(anonymous_2)
DA:8,1
DA:9,2
DA:11,2
DA:12,2
DA:13,2
DA:14,2
DA:15,2
DA:17,2
DA:23,2
DA:25,2
DA:26,1
DA:27,0
DA:28,0
DA:29,0
DA:30,0
DA:32,2
DA:50,0
LF:17
LH:12
BRDA:47,0,0,2
BRDA:47,0,1,2
BRF:2
BRH:2
end_of_record
TN:
SF:src\components\template\Post.jsx
FN:5,(anonymous_0)
FNF:1
FNH:1
FNDA:2,(anonymous_0)
DA:5,1
DA:6,2
LF:2
LH:2
BRF:0
BRH:0
end_of_record
TN:
SF:src\components\template\Baner\index.jsx
FN:8,(anonymous_0)
FNF:1
FNH:1
FNDA:2,(anonymous_0)
DA:8,1
DA:9,2
LF:2
LH:2
BRF:0
BRH:0
end_of_record
TN:
SF:src\components\template\Cat\index.jsx
FN:5,(anonymous_0)
FNF:1
FNH:0
FNDA:0,(anonymous_0)
DA:5,1
DA:6,0
LF:2
LH:1
BRDA:10,0,0,0
BRDA:10,0,1,0
BRDA:14,1,0,0
BRDA:14,1,1,0
BRDA:16,2,0,0
BRDA:16,2,1,0
BRF:6
BRH:0
end_of_record
TN:
SF:src\containers\BreedComponent.jsx
FN:6,(anonymous_0)
FNF:1
FNH:1
FNDA:2,(anonymous_0)
DA:6,1
DA:7,2
DA:8,2
DA:9,2
DA:11,0
DA:12,0
DA:14,0
LF:7
LH:4
BRDA:8,0,0,2
BRDA:8,0,1,0
BRDA:11,1,0,0
BRDA:11,1,1,0
BRF:4
BRH:1
end_of_record
TN:
SF:src\containers\Hero.jsx
FN:7,(anonymous_0)
FNF:1
FNH:1
FNDA:2,(anonymous_0)
DA:7,1
DA:8,2
LF:2
LH:2
BRF:0
BRH:0
end_of_record
TN:
SF:src\containers\Search.jsx
FN:8,(anonymous_0)
FN:14,(anonymous_1)
FN:18,(anonymous_2)
FN:19,(anonymous_3)
FN:40,(anonymous_4)
FN:54,(anonymous_5)
FNF:6
FNH:2
FNDA:2,(anonymous_0)
FNDA:0,(anonymous_1)
FNDA:2,(anonymous_2)
FNDA:0,(anonymous_3)
FNDA:0,(anonymous_4)
FNDA:0,(anonymous_5)
DA:8,1
DA:9,2
DA:10,2
DA:11,2
DA:13,2
DA:14,2
DA:15,0
DA:17,2
DA:19,2
DA:20,0
DA:24,2
DA:25,2
DA:27,0
DA:28,0
DA:31,0
DA:40,0
DA:55,0
LF:17
LH:10
BRDA:24,0,0,2
BRDA:24,0,1,0
BRDA:27,1,0,0
BRDA:27,1,1,0
BRDA:40,2,0,0
BRDA:40,2,1,0
BRF:6
BRH:1
end_of_record
TN:
SF:src\containers\TopBreeds.jsx
FN:6,(anonymous_0)
FN:20,(anonymous_1)
FN:22,(anonymous_2)
FNF:3
FNH:1
FNDA:2,(anonymous_0)
FNDA:0,(anonymous_1)
FNDA:0,(anonymous_2)
DA:6,1
DA:7,2
DA:8,2
DA:11,2
DA:12,2
DA:14,0
DA:15,0
DA:17,0
DA:20,0
DA:23,0
LF:10
LH:5
BRDA:11,0,0,2
BRDA:11,0,1,0
BRDA:14,1,0,0
BRDA:14,1,1,0
BRF:4
BRH:1
end_of_record
